nohup: ignoring input
Using GPU
Args in experiment:
[1mBasic Config[0m
  Task Name:          anomaly_detection   Is Training:        1                   
  Model ID:           PSM                 Model:              Autoformer          

[1mData Loader[0m
  Data:               PSM                 Root Path:          ./dataset/PSM       
  Data Path:          ETTh1.csv           Features:           M                   
  Target:             OT                  Freq:               h                   
  Checkpoints:        ./checkpoints/      

[1mAnomaly Detection Task[0m
  Anomaly Ratio:      1.0                 

[1mModel Parameters[0m
  Top k:              5                   Num Kernels:        6                   
  Enc In:             25                  Dec In:             7                   
  C Out:              25                  d model:            128                 
  n heads:            8                   e layers:           3                   
  d layers:           1                   d FF:               128                 
  Moving Avg:         25                  Factor:             1                   
  Distil:             1                   Dropout:            0.1                 
  Embed:              timeF               Activation:         gelu                

[1mRun Parameters[0m
  Num Workers:        10                  Itr:                1                   
  Train Epochs:       3                   Batch Size:         128                 
  Patience:           3                   Learning Rate:      0.0001              
  Des:                test                Loss:               MSE                 
  Lradj:              type1               Use Amp:            0                   

[1mGPU[0m
  Use GPU:            1                   GPU:                0                   
  Use Multi GPU:      0                   Devices:            0,1,2,3             

[1mDe-stationary Projector Params[0m
  P Hidden Dims:      128, 128            P Hidden Layers:    2                   

Use GPU: cuda:0
>>>>>>>start training : anomaly_detection_PSM_Autoformer_PSM_ftM_sl100_ll48_pl0_dm128_nh8_el3_dl1_df128_expand2_dc4_fc1_ebtimeF_dtTrue_test_0>>>>>>>>>>>>>>>>>>>>>>>>>>
test: (87841, 25)
train: (132481, 25)
train 132382
test: (87841, 25)
train: (132481, 25)
val 26398
test: (87841, 25)
train: (132481, 25)
test 87742
	iters: 100, epoch: 1 | loss: 1.0588738
	speed: 0.0361s/iter; left time: 108.4476s
	iters: 200, epoch: 1 | loss: 0.8584235
	speed: 0.0213s/iter; left time: 61.7851s
	iters: 300, epoch: 1 | loss: 0.8416285
	speed: 0.0228s/iter; left time: 63.9005s
	iters: 400, epoch: 1 | loss: 1.0544089
	speed: 0.0225s/iter; left time: 60.8564s
	iters: 500, epoch: 1 | loss: 0.9796306
	speed: 0.0210s/iter; left time: 54.6864s
	iters: 600, epoch: 1 | loss: 0.8539513
	speed: 0.0219s/iter; left time: 54.8704s
	iters: 700, epoch: 1 | loss: 0.9076760
	speed: 0.0206s/iter; left time: 49.4787s
	iters: 800, epoch: 1 | loss: 0.8970233
	speed: 0.0219s/iter; left time: 50.4606s
	iters: 900, epoch: 1 | loss: 1.1136613
	speed: 0.0219s/iter; left time: 48.2127s
	iters: 1000, epoch: 1 | loss: 0.8414434
	speed: 0.0210s/iter; left time: 44.1363s
Epoch: 1 cost time: 23.93195104598999
Epoch: 1, Steps: 1035 | Train Loss: 1.0012845 Vali Loss: 1.6381045 Test Loss: 1.4789828
Validation loss decreased (inf --> 1.638105).  Saving model ...
Updating learning rate to 0.0001
	iters: 100, epoch: 2 | loss: 0.9320049
	speed: 0.1879s/iter; left time: 370.3751s
	iters: 200, epoch: 2 | loss: 0.9322937
	speed: 0.0204s/iter; left time: 38.2496s
	iters: 300, epoch: 2 | loss: 1.0961541
	speed: 0.0230s/iter; left time: 40.7103s
	iters: 400, epoch: 2 | loss: 1.0032837
	speed: 0.0224s/iter; left time: 37.3715s
	iters: 500, epoch: 2 | loss: 0.8837294
	speed: 0.0228s/iter; left time: 35.8488s
	iters: 600, epoch: 2 | loss: 0.7887225
	speed: 0.0220s/iter; left time: 32.3430s
	iters: 700, epoch: 2 | loss: 0.9523265
	speed: 0.0236s/iter; left time: 32.2970s
	iters: 800, epoch: 2 | loss: 0.9075677
	speed: 0.0230s/iter; left time: 29.2793s
	iters: 900, epoch: 2 | loss: 1.0232389
	speed: 0.0230s/iter; left time: 26.8910s
	iters: 1000, epoch: 2 | loss: 1.1233042
	speed: 0.0228s/iter; left time: 24.4237s
Epoch: 2 cost time: 23.607046604156494
Epoch: 2, Steps: 1035 | Train Loss: 0.9704689 Vali Loss: 1.6294694 Test Loss: 1.4744942
Validation loss decreased (1.638105 --> 1.629469).  Saving model ...
Updating learning rate to 5e-05
	iters: 100, epoch: 3 | loss: 1.0593661
	speed: 0.1850s/iter; left time: 173.1622s
	iters: 200, epoch: 3 | loss: 0.8811536
	speed: 0.0207s/iter; left time: 17.3313s
	iters: 300, epoch: 3 | loss: 0.9191734
	speed: 0.0223s/iter; left time: 16.3902s
	iters: 400, epoch: 3 | loss: 0.9438901
	speed: 0.0220s/iter; left time: 14.0123s
	iters: 500, epoch: 3 | loss: 0.9764496
	speed: 0.0216s/iter; left time: 11.5523s
	iters: 600, epoch: 3 | loss: 0.8380607
	speed: 0.0232s/iter; left time: 10.0954s
	iters: 700, epoch: 3 | loss: 0.9548045
	speed: 0.0206s/iter; left time: 6.9188s
	iters: 800, epoch: 3 | loss: 0.8574213
	speed: 0.0205s/iter; left time: 4.8491s
	iters: 900, epoch: 3 | loss: 0.9145730
	speed: 0.0200s/iter; left time: 2.7242s
	iters: 1000, epoch: 3 | loss: 0.9145434
	speed: 0.0200s/iter; left time: 0.7214s
Epoch: 3 cost time: 22.30047059059143
Epoch: 3, Steps: 1035 | Train Loss: 0.9662512 Vali Loss: 1.6280311 Test Loss: 1.4725425
Validation loss decreased (1.629469 --> 1.628031).  Saving model ...
Updating learning rate to 2.5e-05
>>>>>>>testing : anomaly_detection_PSM_Autoformer_PSM_ftM_sl100_ll48_pl0_dm128_nh8_el3_dl1_df128_expand2_dc4_fc1_ebtimeF_dtTrue_test_0<<<<<<<<<<<<<<<<<<<<<<<<<<<<<<<<<
test: (87841, 25)
train: (132481, 25)
test 87742
test: (87841, 25)
train: (132481, 25)
train 132382
Threshold : 5.3216648292541535
pred:    (8774200,)
gt:      (8774200,)
pred:  (8774200,)
gt:    (8774200,)
Accuracy : 0.9416, Precision : 0.9999, Recall : 0.7896, F-score : 0.8824 
